[03-May-2022 00:31:12 UTC] PHP Parse error:  syntax error, unexpected '}', expecting ';' or ',' in C:\Users\kmcca\Local Sites\debry-university\app\public\wp-content\themes\university-theme\index.php on line 4
[03-May-2022 00:31:20 UTC] PHP Parse error:  syntax error, unexpected '}', expecting ';' or ',' in C:\Users\kmcca\Local Sites\debry-university\app\public\wp-content\themes\university-theme\index.php on line 4
[03-May-2022 00:31:33 UTC] PHP Parse error:  syntax error, unexpected '}', expecting ';' or ',' in C:\Users\kmcca\Local Sites\debry-university\app\public\wp-content\themes\university-theme\index.php on line 4
[03-May-2022 00:31:38 UTC] PHP Parse error:  syntax error, unexpected '}', expecting ';' or ',' in C:\Users\kmcca\Local Sites\debry-university\app\public\wp-content\themes\university-theme\index.php on line 4
[03-May-2022 00:34:04 UTC] PHP Parse error:  syntax error, unexpected '}', expecting ';' or ',' in C:\Users\kmcca\Local Sites\debry-university\app\public\wp-content\themes\university-theme\index.php on line 4
[03-May-2022 17:19:03 UTC] PHP Parse error:  syntax error, unexpected '}' in C:\Users\kmcca\Local Sites\debry-university\app\public\wp-content\themes\university-theme\index.php on line 5
[03-May-2022 17:20:40 UTC] PHP Parse error:  syntax error, unexpected '}' in C:\Users\kmcca\Local Sites\debry-university\app\public\wp-content\themes\university-theme\index.php on line 5
[03-May-2022 17:20:44 UTC] PHP Parse error:  syntax error, unexpected '}' in C:\Users\kmcca\Local Sites\debry-university\app\public\wp-content\themes\university-theme\index.php on line 5
[03-May-2022 17:21:06 UTC] PHP Parse error:  syntax error, unexpected '<' in C:\Users\kmcca\Local Sites\debry-university\app\public\wp-content\themes\university-theme\index.php on line 4
[03-May-2022 17:22:03 UTC] PHP Parse error:  syntax error, unexpected '}' in C:\Users\kmcca\Local Sites\debry-university\app\public\wp-content\themes\university-theme\index.php on line 5
[03-May-2022 17:23:54 UTC] PHP Parse error:  syntax error, unexpected '}' in C:\Users\kmcca\Local Sites\debry-university\app\public\wp-content\themes\university-theme\index.php on line 5
[03-May-2022 17:24:41 UTC] PHP Parse error:  syntax error, unexpected end of file in C:\Users\kmcca\Local Sites\debry-university\app\public\wp-content\themes\university-theme\index.php on line 6
[03-May-2022 17:25:56 UTC] PHP Parse error:  syntax error, unexpected '}' in C:\Users\kmcca\Local Sites\debry-university\app\public\wp-content\themes\university-theme\index.php on line 5
[03-May-2022 17:28:49 UTC] PHP Parse error:  syntax error, unexpected '}' in C:\Users\kmcca\Local Sites\debry-university\app\public\wp-content\themes\university-theme\index.php on line 5
[03-May-2022 17:29:04 UTC] PHP Parse error:  syntax error, unexpected end of file in C:\Users\kmcca\Local Sites\debry-university\app\public\wp-content\themes\university-theme\index.php on line 7
[03-May-2022 17:29:16 UTC] PHP Parse error:  syntax error, unexpected '}' in C:\Users\kmcca\Local Sites\debry-university\app\public\wp-content\themes\university-theme\index.php on line 5
[03-May-2022 17:31:25 UTC] PHP Parse error:  syntax error, unexpected '}' in C:\Users\kmcca\Local Sites\debry-university\app\public\wp-content\themes\university-theme\index.php on line 5
[03-May-2022 17:31:28 UTC] PHP Parse error:  syntax error, unexpected '}' in C:\Users\kmcca\Local Sites\debry-university\app\public\wp-content\themes\university-theme\index.php on line 5
[03-May-2022 17:32:12 UTC] PHP Parse error:  syntax error, unexpected '}' in C:\Users\kmcca\Local Sites\debry-university\app\public\wp-content\themes\university-theme\index.php on line 5
[03-May-2022 17:32:52 UTC] PHP Parse error:  syntax error, unexpected '}' in C:\Users\kmcca\Local Sites\debry-university\app\public\wp-content\themes\university-theme\index.php on line 5
[03-May-2022 17:32:53 UTC] PHP Parse error:  syntax error, unexpected '}' in C:\Users\kmcca\Local Sites\debry-university\app\public\wp-content\themes\university-theme\index.php on line 5
[03-May-2022 17:32:54 UTC] PHP Parse error:  syntax error, unexpected '}' in C:\Users\kmcca\Local Sites\debry-university\app\public\wp-content\themes\university-theme\index.php on line 5
[03-May-2022 17:32:54 UTC] PHP Parse error:  syntax error, unexpected '}' in C:\Users\kmcca\Local Sites\debry-university\app\public\wp-content\themes\university-theme\index.php on line 5
[03-May-2022 19:44:28 UTC] PHP Parse error:  syntax error, unexpected end of file in C:\Users\kmcca\Local Sites\debry-university\app\public\wp-content\themes\university-theme\functions.php on line 7
[03-May-2022 19:44:28 UTC] PHP Parse error:  syntax error, unexpected end of file in C:\Users\kmcca\Local Sites\debry-university\app\public\wp-content\themes\university-theme\functions.php on line 7
[03-May-2022 20:23:59 UTC] PHP Parse error:  syntax error, unexpected '}' in C:\Users\kmcca\Local Sites\debry-university\app\public\wp-content\themes\university-theme\functions.php on line 7
[03-May-2022 20:23:59 UTC] PHP Parse error:  syntax error, unexpected '}' in C:\Users\kmcca\Local Sites\debry-university\app\public\wp-content\themes\university-theme\functions.php on line 7
[03-May-2022 20:54:12 UTC] PHP Warning:  A non-numeric value encountered in C:\Users\kmcca\Local Sites\debry-university\app\public\wp-content\themes\university-theme\index.php on line 75
[03-May-2022 20:54:12 UTC] PHP Stack trace:
[03-May-2022 20:54:12 UTC] PHP   1. {main}() C:\Users\kmcca\Local Sites\debry-university\app\public\index.php:0
[03-May-2022 20:54:12 UTC] PHP   2. require() C:\Users\kmcca\Local Sites\debry-university\app\public\index.php:17
[03-May-2022 20:54:12 UTC] PHP   3. require_once() C:\Users\kmcca\Local Sites\debry-university\app\public\wp-blog-header.php:19
[03-May-2022 20:54:12 UTC] PHP   4. include() C:\Users\kmcca\Local Sites\debry-university\app\public\wp-includes\template-loader.php:106
[03-May-2022 20:54:12 UTC] PHP Warning:  A non-numeric value encountered in C:\Users\kmcca\Local Sites\debry-university\app\public\wp-content\themes\university-theme\index.php on line 84
[03-May-2022 20:54:12 UTC] PHP Stack trace:
[03-May-2022 20:54:12 UTC] PHP   1. {main}() C:\Users\kmcca\Local Sites\debry-university\app\public\index.php:0
[03-May-2022 20:54:12 UTC] PHP   2. require() C:\Users\kmcca\Local Sites\debry-university\app\public\index.php:17
[03-May-2022 20:54:12 UTC] PHP   3. require_once() C:\Users\kmcca\Local Sites\debry-university\app\public\wp-blog-header.php:19
[03-May-2022 20:54:12 UTC] PHP   4. include() C:\Users\kmcca\Local Sites\debry-university\app\public\wp-includes\template-loader.php:106
[03-May-2022 20:54:12 UTC] PHP Warning:  A non-numeric value encountered in C:\Users\kmcca\Local Sites\debry-university\app\public\wp-content\themes\university-theme\index.php on line 75
[03-May-2022 20:54:12 UTC] PHP Stack trace:
[03-May-2022 20:54:12 UTC] PHP   1. {main}() C:\Users\kmcca\Local Sites\debry-university\app\public\index.php:0
[03-May-2022 20:54:12 UTC] PHP   2. require() C:\Users\kmcca\Local Sites\debry-university\app\public\index.php:17
[03-May-2022 20:54:12 UTC] PHP   3. require_once() C:\Users\kmcca\Local Sites\debry-university\app\public\wp-blog-header.php:19
[03-May-2022 20:54:12 UTC] PHP   4. include() C:\Users\kmcca\Local Sites\debry-university\app\public\wp-includes\template-loader.php:106
[03-May-2022 20:54:12 UTC] PHP Warning:  A non-numeric value encountered in C:\Users\kmcca\Local Sites\debry-university\app\public\wp-content\themes\university-theme\index.php on line 84
[03-May-2022 20:54:12 UTC] PHP Stack trace:
[03-May-2022 20:54:12 UTC] PHP   1. {main}() C:\Users\kmcca\Local Sites\debry-university\app\public\index.php:0
[03-May-2022 20:54:12 UTC] PHP   2. require() C:\Users\kmcca\Local Sites\debry-university\app\public\index.php:17
[03-May-2022 20:54:12 UTC] PHP   3. require_once() C:\Users\kmcca\Local Sites\debry-university\app\public\wp-blog-header.php:19
[03-May-2022 20:54:12 UTC] PHP   4. include() C:\Users\kmcca\Local Sites\debry-university\app\public\wp-includes\template-loader.php:106
[03-May-2022 20:54:53 UTC] PHP Warning:  A non-numeric value encountered in C:\Users\kmcca\Local Sites\debry-university\app\public\wp-content\themes\university-theme\index.php on line 84
[03-May-2022 20:54:53 UTC] PHP Stack trace:
[03-May-2022 20:54:53 UTC] PHP   1. {main}() C:\Users\kmcca\Local Sites\debry-university\app\public\index.php:0
[03-May-2022 20:54:53 UTC] PHP   2. require() C:\Users\kmcca\Local Sites\debry-university\app\public\index.php:17
[03-May-2022 20:54:53 UTC] PHP   3. require_once() C:\Users\kmcca\Local Sites\debry-university\app\public\wp-blog-header.php:19
[03-May-2022 20:54:53 UTC] PHP   4. include() C:\Users\kmcca\Local Sites\debry-university\app\public\wp-includes\template-loader.php:106
[03-May-2022 20:54:53 UTC] PHP Warning:  A non-numeric value encountered in C:\Users\kmcca\Local Sites\debry-university\app\public\wp-content\themes\university-theme\index.php on line 84
[03-May-2022 20:54:53 UTC] PHP Stack trace:
[03-May-2022 20:54:53 UTC] PHP   1. {main}() C:\Users\kmcca\Local Sites\debry-university\app\public\index.php:0
[03-May-2022 20:54:53 UTC] PHP   2. require() C:\Users\kmcca\Local Sites\debry-university\app\public\index.php:17
[03-May-2022 20:54:53 UTC] PHP   3. require_once() C:\Users\kmcca\Local Sites\debry-university\app\public\wp-blog-header.php:19
[03-May-2022 20:54:53 UTC] PHP   4. include() C:\Users\kmcca\Local Sites\debry-university\app\public\wp-includes\template-loader.php:106
[05-May-2022 04:13:22 UTC] PHP Parse error:  syntax error, unexpected 'add_action' (T_STRING) in C:\Users\kmcca\Local Sites\debry-university\app\public\wp-content\themes\university-theme\functions.php on line 17
[05-May-2022 04:13:23 UTC] PHP Parse error:  syntax error, unexpected 'add_action' (T_STRING) in C:\Users\kmcca\Local Sites\debry-university\app\public\wp-content\themes\university-theme\functions.php on line 17
[05-May-2022 05:01:45 UTC] PHP Parse error:  syntax error, unexpected 'echo' (T_ECHO) in C:\Users\kmcca\Local Sites\debry-university\app\public\wp-content\themes\university-theme\page.php on line 18
[05-May-2022 05:02:02 UTC] PHP Parse error:  syntax error, unexpected 'echo' (T_ECHO) in C:\Users\kmcca\Local Sites\debry-university\app\public\wp-content\themes\university-theme\page.php on line 18
[05-May-2022 05:02:15 UTC] PHP Parse error:  syntax error, unexpected '}' in C:\Users\kmcca\Local Sites\debry-university\app\public\wp-content\themes\university-theme\page.php on line 24
